# JRE version: OpenJDK Runtime Environment (11.0.7+10) (build 11.0.7+10-post-Ubuntu-2ubuntu218.04)
# Java VM: OpenJDK 64-Bit Server VM (11.0.7+10-post-Ubuntu-2ubuntu218.04, mixed mode, tiered, compressed oops, g1 gc, linux-amd64)
Heap:
 garbage-first heap   total 200704K, used 79609K [0x0000000085600000, 0x0000000100000000)
  region size 1024K, 50 young (51200K), 4 survivors (4096K)
 Metaspace       used 49140K, capacity 50769K, committed 51072K, reserved 1093632K
  class space    used 6038K, capacity 6698K, committed 6784K, reserved 1048576K
GC Heap History (20 events):
Event: 17,166 GC heap before
{Heap before GC invocations=23 (full 0):
 garbage-first heap   total 166912K, used 124214K [0x0000000085600000, 0x0000000100000000)
  region size 1024K, 97 young (99328K), 5 survivors (5120K)
 Metaspace       used 48941K, capacity 50575K, committed 50688K, reserved 1093632K
  class space    used 6025K, capacity 6656K, committed 6656K, reserved 1048576K
}
Event: 17,177 GC heap after
{Heap after GC invocations=24 (full 0):
 garbage-first heap   total 166912K, used 31171K [0x0000000085600000, 0x0000000100000000)
  region size 1024K, 5 young (5120K), 5 survivors (5120K)
 Metaspace       used 48941K, capacity 50575K, committed 50688K, reserved 1093632K
  class space    used 6025K, capacity 6656K, committed 6656K, reserved 1048576K
}
Event: 18,133 GC heap before
{Heap before GC invocations=24 (full 0):
 garbage-first heap   total 166912K, used 124355K [0x0000000085600000, 0x0000000100000000)
  region size 1024K, 97 young (99328K), 5 survivors (5120K)
 Metaspace       used 48955K, capacity 50639K, committed 50688K, reserved 1093632K
  class space    used 6025K, capacity 6656K, committed 6656K, reserved 1048576K
}
Event: 18,136 GC heap after
{Heap after GC invocations=25 (full 0):
 garbage-first heap   total 166912K, used 31272K [0x0000000085600000, 0x0000000100000000)
  region size 1024K, 5 young (5120K), 5 survivors (5120K)
 Metaspace       used 48955K, capacity 50639K, committed 50688K, reserved 1093632K
  class space    used 6025K, capacity 6656K, committed 6656K, reserved 1048576K
}
Event: 18,417 GC heap before
{Heap before GC invocations=25 (full 0):
 garbage-first heap   total 166912K, used 124456K [0x0000000085600000, 0x0000000100000000)
  region size 1024K, 97 young (99328K), 5 survivors (5120K)
 Metaspace       used 48955K, capacity 50639K, committed 50688K, reserved 1093632K
  class space    used 6025K, capacity 6656K, committed 6656K, reserved 1048576K
}
Event: 18,430 GC heap after
{Heap after GC invocations=26 (full 0):
 garbage-first heap   total 166912K, used 31622K [0x0000000085600000, 0x0000000100000000)
  region size 1024K, 5 young (5120K), 5 survivors (5120K)
 Metaspace       used 48955K, capacity 50639K, committed 50688K, reserved 1093632K
  class space    used 6025K, capacity 6656K, committed 6656K, reserved 1048576K
}
Event: 18,698 GC heap before
{Heap before GC invocations=26 (full 0):
 garbage-first heap   total 166912K, used 124806K [0x0000000085600000, 0x0000000100000000)
  region size 1024K, 97 young (99328K), 5 survivors (5120K)
 Metaspace       used 48956K, capacity 50639K, committed 50688K, reserved 1093632K
  class space    used 6025K, capacity 6656K, committed 6656K, reserved 1048576K
}
Event: 18,705 GC heap after
{Heap after GC invocations=27 (full 0):
 garbage-first heap   total 166912K, used 31586K [0x0000000085600000, 0x0000000100000000)
  region size 1024K, 4 young (4096K), 4 survivors (4096K)
 Metaspace       used 48956K, capacity 50639K, committed 50688K, reserved 1093632K
  class space    used 6025K, capacity 6656K, committed 6656K, reserved 1048576K
}
Event: 18,944 GC heap before
{Heap before GC invocations=27 (full 0):
 garbage-first heap   total 166912K, used 125794K [0x0000000085600000, 0x0000000100000000)
  region size 1024K, 97 young (99328K), 4 survivors (4096K)
 Metaspace       used 48956K, capacity 50639K, committed 50688K, reserved 1093632K
  class space    used 6025K, capacity 6656K, committed 6656K, reserved 1048576K
}
Event: 18,947 GC heap after
{Heap after GC invocations=28 (full 0):
 garbage-first heap   total 166912K, used 31713K [0x0000000085600000, 0x0000000100000000)
  region size 1024K, 4 young (4096K), 4 survivors (4096K)
 Metaspace       used 48956K, capacity 50639K, committed 50688K, reserved 1093632K
  class space    used 6025K, capacity 6656K, committed 6656K, reserved 1048576K
}
Event: 20,204 GC heap before
{Heap before GC invocations=28 (full 0):
 garbage-first heap   total 166912K, used 125921K [0x0000000085600000, 0x0000000100000000)
  region size 1024K, 97 young (99328K), 4 survivors (4096K)
 Metaspace       used 48976K, capacity 50639K, committed 50688K, reserved 1093632K
  class space    used 6025K, capacity 6656K, committed 6656K, reserved 1048576K
}
Event: 20,213 GC heap after
{Heap after GC invocations=29 (full 0):
 garbage-first heap   total 166912K, used 31735K [0x0000000085600000, 0x0000000100000000)
  region size 1024K, 4 young (4096K), 4 survivors (4096K)
 Metaspace       used 48976K, capacity 50639K, committed 50688K, reserved 1093632K
  class space    used 6025K, capacity 6656K, committed 6656K, reserved 1048576K
}
Event: 20,499 GC heap before
{Heap before GC invocations=29 (full 0):
 garbage-first heap   total 166912K, used 136183K [0x0000000085600000, 0x0000000100000000)
  region size 1024K, 97 young (99328K), 4 survivors (4096K)
 Metaspace       used 48976K, capacity 50639K, committed 50688K, reserved 1093632K
  class space    used 6025K, capacity 6656K, committed 6656K, reserved 1048576K
}
Event: 20,510 GC heap after
{Heap after GC invocations=30 (full 0):
 garbage-first heap   total 200704K, used 33793K [0x0000000085600000, 0x0000000100000000)
  region size 1024K, 4 young (4096K), 4 survivors (4096K)
 Metaspace       used 48976K, capacity 50639K, committed 50688K, reserved 1093632K
  class space    used 6025K, capacity 6656K, committed 6656K, reserved 1048576K
}
Event: 22,168 GC heap before
{Heap before GC invocations=30 (full 0):
 garbage-first heap   total 200704K, used 148481K [0x0000000085600000, 0x0000000100000000)
  region size 1024K, 117 young (119808K), 4 survivors (4096K)
 Metaspace       used 49000K, capacity 50639K, committed 50688K, reserved 1093632K
  class space    used 6025K, capacity 6656K, committed 6656K, reserved 1048576K
}
Event: 22,172 GC heap after
{Heap after GC invocations=31 (full 0):
 garbage-first heap   total 200704K, used 33887K [0x0000000085600000, 0x0000000100000000)
  region size 1024K, 4 young (4096K), 4 survivors (4096K)
 Metaspace       used 49000K, capacity 50639K, committed 50688K, reserved 1093632K
  class space    used 6025K, capacity 6656K, committed 6656K, reserved 1048576K
}
Event: 23,375 GC heap before
{Heap before GC invocations=31 (full 0):
 garbage-first heap   total 200704K, used 148575K [0x0000000085600000, 0x0000000100000000)
  region size 1024K, 117 young (119808K), 4 survivors (4096K)
 Metaspace       used 49087K, capacity 50761K, committed 51072K, reserved 1093632K
  class space    used 6038K, capacity 6697K, committed 6784K, reserved 1048576K
}
Event: 23,378 GC heap after
{Heap after GC invocations=32 (full 0):
 garbage-first heap   total 200704K, used 34096K [0x0000000085600000, 0x0000000100000000)
  region size 1024K, 4 young (4096K), 4 survivors (4096K)
 Metaspace       used 49087K, capacity 50761K, committed 51072K, reserved 1093632K
  class space    used 6038K, capacity 6697K, committed 6784K, reserved 1048576K
}
Event: 24,214 GC heap before
{Heap before GC invocations=32 (full 0):
 garbage-first heap   total 200704K, used 148784K [0x0000000085600000, 0x0000000100000000)
  region size 1024K, 117 young (119808K), 4 survivors (4096K)
 Metaspace       used 49097K, capacity 50764K, committed 51072K, reserved 1093632K
  class space    used 6038K, capacity 6697K, committed 6784K, reserved 1048576K
}
Event: 24,223 GC heap after
{Heap after GC invocations=33 (full 0):
 garbage-first heap   total 200704K, used 34553K [0x0000000085600000, 0x0000000100000000)
  region size 1024K, 4 young (4096K), 4 survivors (4096K)
 Metaspace       used 49097K, capacity 50764K, committed 51072K, reserved 1093632K
  class space    used 6038K, capacity 6697K, committed 6784K, reserved 1048576K
}

